2017-05-17 00:50:09  [ Timer-0:26420395 ] - [ INFO ]  Timer-0 - current server selected as target exchange server, ignored...
2017-05-17 00:50:09  [ Timer-0:26420454 ] - [ INFO ]  Timer-0 - current server selected as target exchange server, ignored...
2017-05-17 00:50:09  [ Timer-0:26420455 ] - [ INFO ]  Timer-0 - current server selected as target exchange server, ignored...
2017-05-17 00:50:09  [ Timer-0:26420455 ] - [ INFO ]  Timer-0 - current server selected as target exchange server, ignored...
2017-05-17 00:50:09  [ Timer-0:26420457 ] - [ INFO ]  Timer-0 - current server selected as target exchange server, ignored...
2017-05-17 00:50:09  [ Timer-0:26420458 ] - [ INFO ]  Timer-0 - current server selected as target exchange server, ignored...
2017-05-17 00:50:09  [ Timer-0:26420458 ] - [ INFO ]  Timer-0 - current server selected as target exchange server, ignored...
2017-05-17 00:50:09  [ Timer-0:26420458 ] - [ INFO ]  Timer-0 - current server selected as target exchange server, ignored...
2017-05-17 00:50:09  [ Timer-0:26420458 ] - [ INFO ]  Timer-0 - current server selected as target exchange server, ignored...
2017-05-17 00:50:09  [ Timer-0:26420458 ] - [ INFO ]  Timer-0 - current server selected as target exchange server, ignored...
2017-05-17 00:50:09  [ Timer-0:26420459 ] - [ INFO ]  Timer-0 - current server selected as target exchange server, ignored...
2017-05-17 00:50:09  [ Timer-0:26420459 ] - [ INFO ]  Timer-0 - current server selected as target exchange server, ignored...
2017-05-17 00:50:09  [ Timer-0:26420459 ] - [ INFO ]  Timer-0 - current server selected as target exchange server, ignored...
2017-05-17 00:50:09  [ Timer-0:26420459 ] - [ INFO ]  Timer-0 - current server selected as target exchange server, ignored...
2017-05-17 00:50:09  [ Timer-0:26420459 ] - [ INFO ]  Timer-0 - current server selected as target exchange server, ignored...
2017-05-17 00:50:09  [ Timer-0:26420459 ] - [ INFO ]  Timer-0 - current server selected as target exchange server, ignored...
2017-05-17 00:50:09  [ Timer-0:26420459 ] - [ INFO ]  Timer-0 - current server selected as target exchange server, ignored...
2017-05-17 00:50:09  [ Timer-0:26420459 ] - [ INFO ]  Timer-0 - current server selected as target exchange server, ignored...
2017-05-17 00:50:09  [ Timer-0:26420459 ] - [ INFO ]  Timer-0 - current server selected as target exchange server, ignored...
2017-05-17 00:50:09  [ Timer-0:26420460 ] - [ INFO ]  Timer-0 - current server selected as target exchange server, ignored...
2017-05-17 00:50:09  [ Timer-0:26420460 ] - [ INFO ]  Timer-0 - current server selected as target exchange server, ignored...
2017-05-17 00:50:09  [ Timer-0:26420460 ] - [ INFO ]  Timer-0 - current server selected as target exchange server, ignored...
2017-05-17 00:50:09  [ Timer-0:26420460 ] - [ INFO ]  Timer-0 - current server selected as target exchange server, ignored...
2017-05-17 00:50:09  [ Timer-0:26420460 ] - [ INFO ]  Timer-0 - current server selected as target exchange server, ignored...
2017-05-17 00:50:09  [ Timer-0:26420460 ] - [ INFO ]  Timer-0 - current server selected as target exchange server, ignored...
2017-05-17 00:50:09  [ Timer-0:26420460 ] - [ INFO ]  Timer-0 - current server selected as target exchange server, ignored...
2017-05-17 00:50:09  [ Timer-0:26420460 ] - [ INFO ]  Timer-0 - current server selected as target exchange server, ignored...
2017-05-17 00:50:09  [ Timer-0:26420461 ] - [ INFO ]  Timer-0 - current server selected as target exchange server, ignored...
2017-05-17 00:50:09  [ Timer-0:26420461 ] - [ INFO ]  Timer-0 - current server selected as target exchange server, ignored...
2017-05-17 00:50:09  [ Timer-0:26420461 ] - [ INFO ]  Timer-0 - current server selected as target exchange server, ignored...
2017-05-17 00:50:09  [ Timer-0:26420461 ] - [ INFO ]  Timer-0 - current server selected as target exchange server, ignored...
2017-05-17 00:50:09  [ Timer-0:26420461 ] - [ INFO ]  Timer-0 - current server selected as target exchange server, ignored...
2017-05-17 00:50:09  [ Timer-0:26420461 ] - [ INFO ]  Timer-0 - current server selected as target exchange server, ignored...
2017-05-17 00:50:09  [ Timer-0:26420461 ] - [ INFO ]  Timer-0 - current server selected as target exchange server, ignored...
2017-05-17 00:50:09  [ Timer-0:26420461 ] - [ INFO ]  Timer-0 - current server selected as target exchange server, ignored...
2017-05-17 00:50:09  [ Timer-0:26420462 ] - [ INFO ]  Timer-0 - current server selected as target exchange server, ignored...
2017-05-17 00:50:09  [ Timer-0:26420462 ] - [ INFO ]  Timer-0 - current server selected as target exchange server, ignored...
2017-05-17 00:50:09  [ Timer-0:26420462 ] - [ INFO ]  Timer-0 - current server selected as target exchange server, ignored...
2017-05-17 00:50:09  [ Timer-0:26420462 ] - [ INFO ]  Timer-0 - current server selected as target exchange server, ignored...
2017-05-17 00:50:09  [ Timer-0:26420462 ] - [ INFO ]  Timer-0 - current server selected as target exchange server, ignored...
2017-05-17 00:50:09  [ Timer-0:26420462 ] - [ INFO ]  Timer-0 - current server selected as target exchange server, ignored...
2017-05-17 00:50:09  [ Timer-0:26420462 ] - [ INFO ]  Timer-0 - current server selected as target exchange server, ignored...
2017-05-17 00:50:09  [ Timer-0:26420462 ] - [ INFO ]  Timer-0 - current server selected as target exchange server, ignored...
2017-05-17 00:50:09  [ Timer-0:26420462 ] - [ INFO ]  Timer-0 - current server selected as target exchange server, ignored...
2017-05-17 00:59:49  [ Timer-0:27000009 ] - [ INFO ]  Timer-0 - current server selected as target exchange server, ignored...
2017-05-17 01:09:49  [ Timer-0:27600004 ] - [ INFO ]  Timer-0 - current server selected as target exchange server, ignored...
2017-05-17 11:58:03  [ Timer-0:66493842 ] - [ INFO ]  Timer-0 - current server selected as target exchange server, ignored...
2017-05-17 11:58:03  [ Timer-0:66493853 ] - [ INFO ]  Timer-0 - current server selected as target exchange server, ignored...
2017-05-17 11:58:03  [ Timer-0:66493853 ] - [ INFO ]  Timer-0 - current server selected as target exchange server, ignored...
2017-05-17 11:58:03  [ Timer-0:66493854 ] - [ INFO ]  Timer-0 - current server selected as target exchange server, ignored...
2017-05-17 11:58:03  [ Timer-0:66493854 ] - [ INFO ]  Timer-0 - current server selected as target exchange server, ignored...
2017-05-17 11:58:03  [ Timer-0:66493854 ] - [ INFO ]  Timer-0 - current server selected as target exchange server, ignored...
2017-05-17 11:58:03  [ Timer-0:66493854 ] - [ INFO ]  Timer-0 - current server selected as target exchange server, ignored...
2017-05-17 11:58:03  [ Timer-0:66493854 ] - [ INFO ]  Timer-0 - current server selected as target exchange server, ignored...
2017-05-17 11:58:03  [ Timer-0:66493854 ] - [ INFO ]  Timer-0 - current server selected as target exchange server, ignored...
2017-05-17 11:58:03  [ Timer-0:66493854 ] - [ INFO ]  Timer-0 - current server selected as target exchange server, ignored...
2017-05-17 11:58:03  [ Timer-0:66493854 ] - [ INFO ]  Timer-0 - current server selected as target exchange server, ignored...
2017-05-17 11:58:03  [ Timer-0:66493854 ] - [ INFO ]  Timer-0 - current server selected as target exchange server, ignored...
2017-05-17 11:58:03  [ Timer-0:66493854 ] - [ INFO ]  Timer-0 - current server selected as target exchange server, ignored...
2017-05-17 11:58:03  [ Timer-0:66493855 ] - [ INFO ]  Timer-0 - current server selected as target exchange server, ignored...
2017-05-17 11:58:03  [ Timer-0:66493855 ] - [ INFO ]  Timer-0 - current server selected as target exchange server, ignored...
2017-05-17 11:58:03  [ Timer-0:66493855 ] - [ INFO ]  Timer-0 - current server selected as target exchange server, ignored...
2017-05-17 11:58:03  [ Timer-0:66493855 ] - [ INFO ]  Timer-0 - current server selected as target exchange server, ignored...
2017-05-17 11:58:03  [ Timer-0:66493855 ] - [ INFO ]  Timer-0 - current server selected as target exchange server, ignored...
2017-05-17 11:58:03  [ Timer-0:66493855 ] - [ INFO ]  Timer-0 - current server selected as target exchange server, ignored...
2017-05-17 11:58:03  [ Timer-0:66493856 ] - [ INFO ]  Timer-0 - current server selected as target exchange server, ignored...
2017-05-17 11:58:03  [ Timer-0:66493856 ] - [ INFO ]  Timer-0 - current server selected as target exchange server, ignored...
2017-05-17 11:58:03  [ Timer-0:66493856 ] - [ INFO ]  Timer-0 - current server selected as target exchange server, ignored...
2017-05-17 11:58:03  [ Timer-0:66493856 ] - [ INFO ]  Timer-0 - current server selected as target exchange server, ignored...
2017-05-17 11:58:03  [ Timer-0:66493856 ] - [ INFO ]  Timer-0 - current server selected as target exchange server, ignored...
2017-05-17 11:58:03  [ Timer-0:66493856 ] - [ INFO ]  Timer-0 - current server selected as target exchange server, ignored...
2017-05-17 11:58:03  [ Timer-0:66493856 ] - [ INFO ]  Timer-0 - current server selected as target exchange server, ignored...
2017-05-17 11:58:03  [ Timer-0:66493856 ] - [ INFO ]  Timer-0 - current server selected as target exchange server, ignored...
2017-05-17 11:58:03  [ Timer-0:66493856 ] - [ INFO ]  Timer-0 - current server selected as target exchange server, ignored...
2017-05-17 11:58:03  [ Timer-0:66493856 ] - [ INFO ]  Timer-0 - current server selected as target exchange server, ignored...
2017-05-17 11:58:03  [ Timer-0:66493856 ] - [ INFO ]  Timer-0 - current server selected as target exchange server, ignored...
2017-05-17 11:58:03  [ Timer-0:66493856 ] - [ INFO ]  Timer-0 - current server selected as target exchange server, ignored...
2017-05-17 11:58:03  [ Timer-0:66493856 ] - [ INFO ]  Timer-0 - current server selected as target exchange server, ignored...
2017-05-17 11:58:03  [ Timer-0:66493856 ] - [ INFO ]  Timer-0 - current server selected as target exchange server, ignored...
2017-05-17 11:58:03  [ Timer-0:66493857 ] - [ INFO ]  Timer-0 - current server selected as target exchange server, ignored...
2017-05-17 11:58:03  [ Timer-0:66493857 ] - [ INFO ]  Timer-0 - current server selected as target exchange server, ignored...
2017-05-17 11:58:03  [ Timer-0:66493857 ] - [ INFO ]  Timer-0 - current server selected as target exchange server, ignored...
2017-05-17 11:58:03  [ Timer-0:66493857 ] - [ INFO ]  Timer-0 - current server selected as target exchange server, ignored...
2017-05-17 11:58:03  [ Timer-0:66493857 ] - [ INFO ]  Timer-0 - current server selected as target exchange server, ignored...
2017-05-17 11:58:03  [ Timer-0:66493857 ] - [ INFO ]  Timer-0 - current server selected as target exchange server, ignored...
2017-05-17 11:58:03  [ Timer-0:66493857 ] - [ INFO ]  Timer-0 - current server selected as target exchange server, ignored...
2017-05-17 11:58:03  [ Timer-0:66493857 ] - [ INFO ]  Timer-0 - current server selected as target exchange server, ignored...
2017-05-17 11:58:03  [ Timer-0:66493857 ] - [ INFO ]  Timer-0 - current server selected as target exchange server, ignored...
2017-05-17 11:58:03  [ Timer-0:66493857 ] - [ INFO ]  Timer-0 - current server selected as target exchange server, ignored...
2017-05-17 11:58:03  [ Timer-0:66493857 ] - [ INFO ]  Timer-0 - current server selected as target exchange server, ignored...
2017-05-17 11:58:03  [ Timer-0:66493857 ] - [ INFO ]  Timer-0 - current server selected as target exchange server, ignored...
2017-05-17 11:58:03  [ Timer-0:66493857 ] - [ INFO ]  Timer-0 - current server selected as target exchange server, ignored...
2017-05-17 11:58:03  [ Timer-0:66493857 ] - [ INFO ]  Timer-0 - current server selected as target exchange server, ignored...
2017-05-17 11:58:03  [ Timer-0:66493858 ] - [ INFO ]  Timer-0 - current server selected as target exchange server, ignored...
2017-05-17 11:58:03  [ Timer-0:66493858 ] - [ INFO ]  Timer-0 - current server selected as target exchange server, ignored...
2017-05-17 11:58:03  [ Timer-0:66493858 ] - [ INFO ]  Timer-0 - current server selected as target exchange server, ignored...
2017-05-17 11:58:03  [ Timer-0:66493858 ] - [ INFO ]  Timer-0 - current server selected as target exchange server, ignored...
2017-05-17 11:58:03  [ Timer-0:66493858 ] - [ INFO ]  Timer-0 - current server selected as target exchange server, ignored...
2017-05-17 11:58:03  [ Timer-0:66493858 ] - [ INFO ]  Timer-0 - current server selected as target exchange server, ignored...
2017-05-17 11:58:03  [ Timer-0:66493858 ] - [ INFO ]  Timer-0 - current server selected as target exchange server, ignored...
2017-05-17 11:58:03  [ Timer-0:66493858 ] - [ INFO ]  Timer-0 - current server selected as target exchange server, ignored...
2017-05-17 11:58:03  [ Timer-0:66493858 ] - [ INFO ]  Timer-0 - current server selected as target exchange server, ignored...
2017-05-17 11:58:03  [ Timer-0:66493858 ] - [ INFO ]  Timer-0 - current server selected as target exchange server, ignored...
2017-05-17 11:58:03  [ Timer-0:66493858 ] - [ INFO ]  Timer-0 - current server selected as target exchange server, ignored...
2017-05-17 11:58:03  [ Timer-0:66493858 ] - [ INFO ]  Timer-0 - current server selected as target exchange server, ignored...
2017-05-17 11:58:03  [ Timer-0:66493858 ] - [ INFO ]  Timer-0 - current server selected as target exchange server, ignored...
2017-05-17 11:58:03  [ Timer-0:66493858 ] - [ INFO ]  Timer-0 - current server selected as target exchange server, ignored...
2017-05-17 11:58:03  [ Timer-0:66493859 ] - [ INFO ]  Timer-0 - current server selected as target exchange server, ignored...
2017-05-17 11:58:03  [ Timer-0:66493859 ] - [ INFO ]  Timer-0 - current server selected as target exchange server, ignored...
2017-05-17 11:58:03  [ Timer-0:66493859 ] - [ INFO ]  Timer-0 - current server selected as target exchange server, ignored...
2017-05-17 11:59:49  [ Timer-0:66600011 ] - [ INFO ]  Timer-0 - current server selected as target exchange server, ignored...
2017-05-17 13:25:44  [ Timer-0:71755507 ] - [ INFO ]  Timer-0 - current server selected as target exchange server, ignored...
2017-05-17 13:25:45  [ Timer-0:71755530 ] - [ INFO ]  Timer-0 - current server selected as target exchange server, ignored...
2017-05-17 13:25:45  [ Timer-0:71755531 ] - [ INFO ]  Timer-0 - current server selected as target exchange server, ignored...
2017-05-17 13:25:45  [ Timer-0:71755531 ] - [ INFO ]  Timer-0 - current server selected as target exchange server, ignored...
2017-05-17 13:25:45  [ Timer-0:71755531 ] - [ INFO ]  Timer-0 - current server selected as target exchange server, ignored...
2017-05-17 13:25:45  [ Timer-0:71755531 ] - [ INFO ]  Timer-0 - current server selected as target exchange server, ignored...
2017-05-17 13:25:45  [ Timer-0:71755531 ] - [ INFO ]  Timer-0 - current server selected as target exchange server, ignored...
2017-05-17 13:25:45  [ Timer-0:71755532 ] - [ INFO ]  Timer-0 - current server selected as target exchange server, ignored...
2017-05-17 13:30:01  [ Timer-0:0 ] - [ INFO ]  Timer-0 - current server selected as target exchange server, ignored...
2017-05-17 13:30:01  [ main:25 ] - [ DEBUG ]  ip of server:0.0.0.0
2017-05-17 13:31:57  [ Timer-0:0 ] - [ INFO ]  Timer-0 - current server selected as target exchange server, ignored...
2017-05-17 13:31:57  [ main:23 ] - [ DEBUG ]  ip of server:0.0.0.0
2017-05-17 13:32:13  [ Thread-1:15983 ] - [ DEBUG ]  serverClient invoked
2017-05-17 13:34:32  [ main:0 ] - [ DEBUG ]  debug test log
2017-05-17 13:34:32  [ main:3 ] - [ ERROR ]  error test log
2017-05-17 13:34:32  [ Timer-0:22 ] - [ INFO ]  Timer-0 - current server selected as target exchange server, ignored...
2017-05-17 13:34:32  [ main:38 ] - [ DEBUG ]  ip of server:0.0.0.0
2017-05-17 13:34:54  [ main:0 ] - [ DEBUG ]  debug test log
2017-05-17 13:34:54  [ main:3 ] - [ ERROR ]  error test log
2017-05-17 13:34:54  [ Timer-0:16 ] - [ INFO ]  Timer-0 - current server selected as target exchange server, ignored...
2017-05-17 13:34:54  [ main:31 ] - [ ERROR ]  fail to create server socket
java.net.BindException: Address already in use
	at java.net.PlainSocketImpl.socketBind(Native Method)
	at java.net.AbstractPlainSocketImpl.bind(AbstractPlainSocketImpl.java:387)
	at java.net.ServerSocket.bind(ServerSocket.java:375)
	at java.net.ServerSocket.<init>(ServerSocket.java:237)
	at java.net.ServerSocket.<init>(ServerSocket.java:128)
	at javax.net.DefaultServerSocketFactory.createServerSocket(ServerSocketFactory.java:218)
	at server.Server.main(Server.java:82)
2017-05-17 13:36:23  [ main:0 ] - [ DEBUG ]  debug test log
2017-05-17 13:36:23  [ main:2 ] - [ ERROR ]  error test log
2017-05-17 13:36:23  [ Timer-0:24 ] - [ INFO ]  Timer-0 - current server selected as target exchange server, ignored...
2017-05-17 13:36:23  [ main:67 ] - [ DEBUG ]  ip of server:0.0.0.0
2017-05-17 13:39:29  [ main:0 ] - [ DEBUG ]  debug test log
2017-05-17 13:39:29  [ main:3 ] - [ ERROR ]  error test log
2017-05-17 13:39:29  [ Timer-0:25 ] - [ INFO ]  Timer-0 - current server selected as target exchange server, ignored...
2017-05-17 13:39:29  [ main:81 ] - [ DEBUG ]  ip of server:0.0.0.0
2017-05-17 13:39:45  [ main:0 ] - [ DEBUG ]  debug test log
2017-05-17 13:39:45  [ main:3 ] - [ ERROR ]  error test log
2017-05-17 13:39:45  [ Timer-0:22 ] - [ INFO ]  Timer-0 - current server selected as target exchange server, ignored...
2017-05-17 13:39:45  [ main:60 ] - [ DEBUG ]  ip of server:0.0.0.0
2017-05-17 13:39:53  [ Thread-1:8100 ] - [ DEBUG ]  serverClient invoked
2017-05-17 13:40:17  [ main:0 ] - [ DEBUG ]  debug test log
2017-05-17 13:40:17  [ main:2 ] - [ ERROR ]  error test log
2017-05-17 13:40:17  [ Timer-0:17 ] - [ INFO ]  Timer-0 - current server selected as target exchange server, ignored...
2017-05-17 13:40:17  [ main:40 ] - [ ERROR ]  fail to create server socket
java.net.BindException: Address already in use
	at java.net.PlainSocketImpl.socketBind(Native Method)
	at java.net.AbstractPlainSocketImpl.bind(AbstractPlainSocketImpl.java:387)
	at java.net.ServerSocket.bind(ServerSocket.java:375)
	at java.net.ServerSocket.<init>(ServerSocket.java:237)
	at java.net.ServerSocket.<init>(ServerSocket.java:128)
	at javax.net.DefaultServerSocketFactory.createServerSocket(ServerSocketFactory.java:218)
	at server.Server.main(Server.java:82)
2017-05-17 13:43:16  [ main:0 ] - [ DEBUG ]  debug test log
2017-05-17 13:43:16  [ main:3 ] - [ ERROR ]  error test log
2017-05-17 13:43:16  [ Timer-0:12 ] - [ INFO ]  Timer-0 - current server selected as target exchange server, ignored...
2017-05-17 13:43:16  [ main:27 ] - [ DEBUG ]  ip of server:0.0.0.0
2017-05-17 13:43:29  [ main:0 ] - [ DEBUG ]  debug test log
2017-05-17 13:43:29  [ main:3 ] - [ ERROR ]  error test log
2017-05-17 13:43:30  [ Timer-0:13 ] - [ INFO ]  Timer-0 - current server selected as target exchange server, ignored...
2017-05-17 13:43:30  [ main:27 ] - [ DEBUG ]  ip of server:0.0.0.0
2017-05-17 13:45:22  [ main:0 ] - [ DEBUG ]  debug test log
2017-05-17 13:45:22  [ main:3 ] - [ ERROR ]  error test log
2017-05-17 13:45:22  [ Timer-0:14 ] - [ INFO ]  Timer-0 - current server selected as target exchange server, ignored...
2017-05-17 13:45:22  [ main:27 ] - [ DEBUG ]  ip of server:0.0.0.0
2017-05-17 13:45:42  [ Timer-0:0 ] - [ INFO ]  Timer-0 - current server selected as target exchange server, ignored...
2017-05-17 13:45:42  [ main:12 ] - [ ERROR ]  fail to create server socket
java.net.BindException: Address already in use
	at java.net.PlainSocketImpl.socketBind(Native Method)
	at java.net.AbstractPlainSocketImpl.bind(AbstractPlainSocketImpl.java:387)
	at java.net.ServerSocket.bind(ServerSocket.java:375)
	at java.net.ServerSocket.<init>(ServerSocket.java:237)
	at java.net.ServerSocket.<init>(ServerSocket.java:128)
	at javax.net.DefaultServerSocketFactory.createServerSocket(ServerSocketFactory.java:218)
	at server.Server.main(Server.java:82)
2017-05-17 13:45:51  [ Timer-0:0 ] - [ INFO ]  Timer-0 - current server selected as target exchange server, ignored...
2017-05-17 13:45:51  [ main:11 ] - [ DEBUG ]  ip of server:0.0.0.0
2017-05-17 13:46:14  [ Thread-1:23372 ] - [ DEBUG ]  serverClient invoked
2017-05-17 13:51:37  [ Timer-0:0 ] - [ INFO ]  Timer-0 - current server selected as target exchange server, ignored...
2017-05-17 13:51:37  [ main:45 ] - [ DEBUG ]  ip of server:0.0.0.0
